<?xml version="1.0" encoding="UTF-8"?>
<!-- Generated by org.testng.reporters.JUnitReportReporter -->
<testsuite hostname="Supriya-DELL" failures="0" tests="2" name="sample.Demo" time="0.012" errors="0" timestamp="2023-08-03T20:07:44 IST" skipped="0">
  <testcase classname="sample.Demo" name="sample" time="0.010"/>
  <system-out/>
  <testcase classname="sample.Demo" name="sample1" time="0.002"/>
  <system-out/>
</testsuite> <!-- sample.Demo -->
