<?xml version="1.0" encoding="UTF-8"?>
<!-- Generated by org.testng.reporters.JUnitReportReporter -->
<testsuite hostname="Supriya-DELL" failures="0" tests="1" name="sample.Demo" time="0.015" errors="0" timestamp="2023-08-03T19:29:55 IST" skipped="0">
  <testcase classname="sample.Demo" name="sample" time="0.015"/>
  <system-out/>
</testsuite> <!-- sample.Demo -->
