<?xml version="1.0" encoding="UTF-8"?>
<!-- Generated by org.testng.reporters.JUnitReportReporter -->
<testsuite hostname="Supriya-DELL" failures="0" tests="2" name="sample.Newclass" time="0.007" errors="0" timestamp="2023-08-04T19:10:29 IST" skipped="0">
  <testcase classname="sample.Newclass" name="newclass" time="0.006"/>
  <system-out/>
  <testcase classname="sample.Newclass" name="newclass2" time="0.001"/>
  <system-out/>
</testsuite> <!-- sample.Newclass -->
